
PLAY [all] **************************************************************************************************************************************************

TASK [Get hostname] *****************************************************************************************************************************************
changed: [localhost]
changed: [10.144.201.226]

TASK [debug] ************************************************************************************************************************************************
ok: [10.144.201.226] => {
    "failed": false, 
    "my_hostname": {
        "changed": true, 
        "cmd": [
            "/bin/hostname"
        ], 
        "delta": "0:00:00.003046", 
        "end": "2017-07-14 10:57:37.530292", 
        "failed": false, 
        "rc": 0, 
        "start": "2017-07-14 10:57:37.527246", 
        "stderr": "", 
        "stderr_lines": [], 
        "stdout": "in01devmonvm2", 
        "stdout_lines": [
            "in01devmonvm2"
        ]
    }
}
ok: [localhost] => {
    "failed": false, 
    "my_hostname": {
        "changed": true, 
        "cmd": [
            "/bin/hostname"
        ], 
        "delta": "0:00:00.002013", 
        "end": "2017-07-14 03:53:42.125432", 
        "failed": false, 
        "rc": 0, 
        "start": "2017-07-14 03:53:42.123419", 
        "stderr": "", 
        "stderr_lines": [], 
        "stdout": "in01devmonvm1", 
        "stdout_lines": [
            "in01devmonvm1"
        ]
    }
}

PLAY RECAP **************************************************************************************************************************************************
10.144.201.226             : ok=2    changed=1    unreachable=0    failed=0   
localhost                  : ok=2    changed=1    unreachable=0    failed=0   

